<?xml version="1.0" encoding="UTF-8"?>
<robot generator="Robot 3.2.1 (Python 3.8.5 on win32)" generated="20200910 11:00:43.244" rpa="false">
<suite id="s1" name="Nav" source="C:\qaninja\twp\app\backup\nav.robot">
<test id="s1-t1" name="Acessar a tela Dialogs">
<kw name="Abrir a aplicação" library="resource" type="setup">
<kw name="Set Appium Timeout" library="AppiumLibrary">
<doc>Sets the timeout in seconds used by various keywords.</doc>
<arguments>
<arg>5</arg>
</arguments>
<status status="PASS" starttime="20200910 11:00:43.514" endtime="20200910 11:00:43.514"></status>
</kw>
<kw name="Open Application" library="AppiumLibrary">
<doc>Opens a new application to given Appium server.
Capabilities of appium server, Android and iOS,
Please check https://github.com/appium/appium/blob/master/docs/en/writing-running-appium/server-args.md
| *Option*            | *Man.* | *Description*     |
| remote_url          | Yes    | Appium server url |
| alias               | no     | alias             |</doc>
<arguments>
<arg>http://localhost:4723/wd/hub</arg>
<arg>automationName=UiAutomator2</arg>
<arg>platformName=Android</arg>
<arg>deviceName=Emulator</arg>
<arg>app=C:\\qaninja\\twp\\app\\backup\\twp.apk</arg>
</arguments>
<status status="PASS" starttime="20200910 11:00:43.515" endtime="20200910 11:00:53.141"></status>
</kw>
<status status="PASS" starttime="20200910 11:00:43.514" endtime="20200910 11:00:53.141"></status>
</kw>
<kw name="Acessar o menu principal" library="resource">
<kw name="Wait Until Page Contains" library="AppiumLibrary">
<doc>Waits until `text` appears on current page.</doc>
<arguments>
<arg>COMEÇAR</arg>
</arguments>
<status status="PASS" starttime="20200910 11:00:53.142" endtime="20200910 11:00:57.479"></status>
</kw>
<kw name="Click Text" library="AppiumLibrary">
<doc>Click text identified by ``text``.</doc>
<arguments>
<arg>COMEÇAR</arg>
</arguments>
<status status="PASS" starttime="20200910 11:00:57.480" endtime="20200910 11:00:57.624"></status>
</kw>
<kw name="Wait Until Element Is Visible" library="AppiumLibrary">
<doc>Waits until element specified with `locator` is visible.</doc>
<arguments>
<arg>xpath=//android.widget.ImageButton[@content-desc="Open navigation drawer"]</arg>
</arguments>
<status status="PASS" starttime="20200910 11:00:57.625" endtime="20200910 11:00:58.861"></status>
</kw>
<status status="PASS" starttime="20200910 11:00:53.141" endtime="20200910 11:00:58.861"></status>
</kw>
<kw name="Acessar o Menu Lateral" library="resource">
<kw name="Click Element" library="AppiumLibrary">
<doc>Click element identified by `locator`.</doc>
<arguments>
<arg>xpath=//android.widget.ImageButton[@content-desc="Open navigation drawer"]</arg>
</arguments>
<msg timestamp="20200910 11:00:58.863" level="INFO">Clicking element 'xpath=//android.widget.ImageButton[@content-desc="Open navigation drawer"]'.</msg>
<status status="PASS" starttime="20200910 11:00:58.862" endtime="20200910 11:00:58.956"></status>
</kw>
<kw name="Wait Until Element Is Visible" library="AppiumLibrary">
<doc>Waits until element specified with `locator` is visible.</doc>
<arguments>
<arg>id=io.qaninja.android.twp:id/design_navigation_view</arg>
</arguments>
<status status="PASS" starttime="20200910 11:00:58.956" endtime="20200910 11:00:59.890"></status>
</kw>
<status status="PASS" starttime="20200910 11:00:58.862" endtime="20200910 11:00:59.890"></status>
</kw>
<kw name="Acessar a tela" library="resource">
<arguments>
<arg>DIALOGS</arg>
</arguments>
<kw name="Click Text" library="AppiumLibrary">
<doc>Click text identified by ``text``.</doc>
<arguments>
<arg>${NOME_TELA}</arg>
</arguments>
<status status="PASS" starttime="20200910 11:00:59.891" endtime="20200910 11:01:00.061"></status>
</kw>
<kw name="Wait Until Element Is Visible" library="AppiumLibrary">
<doc>Waits until element specified with `locator` is visible.</doc>
<arguments>
<arg>id=io.qaninja.android.twp:id/toolbarTitle</arg>
</arguments>
<status status="PASS" starttime="20200910 11:01:00.061" endtime="20200910 11:01:00.985"></status>
</kw>
<kw name="Element Text Should Be" library="AppiumLibrary">
<doc>Verifies element identified by ``locator`` exactly contains text ``expected``.</doc>
<arguments>
<arg>id=io.qaninja.android.twp:id/toolbarTitle</arg>
<arg>${NOME_TELA}</arg>
</arguments>
<msg timestamp="20200910 11:01:00.988" level="INFO">Verifying element 'id=io.qaninja.android.twp:id/toolbarTitle' contains exactly text 'DIALOGS'.</msg>
<status status="PASS" starttime="20200910 11:01:00.985" endtime="20200910 11:01:01.028"></status>
</kw>
<status status="PASS" starttime="20200910 11:00:59.890" endtime="20200910 11:01:01.028"></status>
</kw>
<kw name="Fechar aplicação" library="resource" type="teardown">
<kw name="Close Application" library="AppiumLibrary">
<doc>Closes the current application and also close webdriver session.</doc>
<status status="PASS" starttime="20200910 11:01:01.029" endtime="20200910 11:01:01.399"></status>
</kw>
<status status="PASS" starttime="20200910 11:01:01.029" endtime="20200910 11:01:01.399"></status>
</kw>
<status status="PASS" starttime="20200910 11:00:43.513" endtime="20200910 11:01:01.400" critical="yes"></status>
</test>
<test id="s1-t2" name="Acessar a tela FORMS">
<kw name="Abrir a aplicação" library="resource" type="setup">
<kw name="Set Appium Timeout" library="AppiumLibrary">
<doc>Sets the timeout in seconds used by various keywords.</doc>
<arguments>
<arg>5</arg>
</arguments>
<status status="PASS" starttime="20200910 11:01:01.403" endtime="20200910 11:01:01.403"></status>
</kw>
<kw name="Open Application" library="AppiumLibrary">
<doc>Opens a new application to given Appium server.
Capabilities of appium server, Android and iOS,
Please check https://github.com/appium/appium/blob/master/docs/en/writing-running-appium/server-args.md
| *Option*            | *Man.* | *Description*     |
| remote_url          | Yes    | Appium server url |
| alias               | no     | alias             |</doc>
<arguments>
<arg>http://localhost:4723/wd/hub</arg>
<arg>automationName=UiAutomator2</arg>
<arg>platformName=Android</arg>
<arg>deviceName=Emulator</arg>
<arg>app=C:\\qaninja\\twp\\app\\backup\\twp.apk</arg>
</arguments>
<status status="PASS" starttime="20200910 11:01:01.403" endtime="20200910 11:01:10.991"></status>
</kw>
<status status="PASS" starttime="20200910 11:01:01.402" endtime="20200910 11:01:10.991"></status>
</kw>
<kw name="Acessar o menu principal" library="resource">
<kw name="Wait Until Page Contains" library="AppiumLibrary">
<doc>Waits until `text` appears on current page.</doc>
<arguments>
<arg>COMEÇAR</arg>
</arguments>
<status status="PASS" starttime="20200910 11:01:10.992" endtime="20200910 11:01:15.301"></status>
</kw>
<kw name="Click Text" library="AppiumLibrary">
<doc>Click text identified by ``text``.</doc>
<arguments>
<arg>COMEÇAR</arg>
</arguments>
<status status="PASS" starttime="20200910 11:01:15.301" endtime="20200910 11:01:15.432"></status>
</kw>
<kw name="Wait Until Element Is Visible" library="AppiumLibrary">
<doc>Waits until element specified with `locator` is visible.</doc>
<arguments>
<arg>xpath=//android.widget.ImageButton[@content-desc="Open navigation drawer"]</arg>
</arguments>
<status status="PASS" starttime="20200910 11:01:15.432" endtime="20200910 11:01:16.652"></status>
</kw>
<status status="PASS" starttime="20200910 11:01:10.991" endtime="20200910 11:01:16.652"></status>
</kw>
<kw name="Acessar o Menu Lateral" library="resource">
<kw name="Click Element" library="AppiumLibrary">
<doc>Click element identified by `locator`.</doc>
<arguments>
<arg>xpath=//android.widget.ImageButton[@content-desc="Open navigation drawer"]</arg>
</arguments>
<msg timestamp="20200910 11:01:16.654" level="INFO">Clicking element 'xpath=//android.widget.ImageButton[@content-desc="Open navigation drawer"]'.</msg>
<status status="PASS" starttime="20200910 11:01:16.653" endtime="20200910 11:01:16.744"></status>
</kw>
<kw name="Wait Until Element Is Visible" library="AppiumLibrary">
<doc>Waits until element specified with `locator` is visible.</doc>
<arguments>
<arg>id=io.qaninja.android.twp:id/design_navigation_view</arg>
</arguments>
<status status="PASS" starttime="20200910 11:01:16.745" endtime="20200910 11:01:17.677"></status>
</kw>
<status status="PASS" starttime="20200910 11:01:16.652" endtime="20200910 11:01:17.677"></status>
</kw>
<kw name="Acessar a tela" library="resource">
<arguments>
<arg>FORMS</arg>
</arguments>
<kw name="Click Text" library="AppiumLibrary">
<doc>Click text identified by ``text``.</doc>
<arguments>
<arg>${NOME_TELA}</arg>
</arguments>
<status status="PASS" starttime="20200910 11:01:17.678" endtime="20200910 11:01:17.830"></status>
</kw>
<kw name="Wait Until Element Is Visible" library="AppiumLibrary">
<doc>Waits until element specified with `locator` is visible.</doc>
<arguments>
<arg>id=io.qaninja.android.twp:id/toolbarTitle</arg>
</arguments>
<status status="PASS" starttime="20200910 11:01:17.830" endtime="20200910 11:01:18.750"></status>
</kw>
<kw name="Element Text Should Be" library="AppiumLibrary">
<doc>Verifies element identified by ``locator`` exactly contains text ``expected``.</doc>
<arguments>
<arg>id=io.qaninja.android.twp:id/toolbarTitle</arg>
<arg>${NOME_TELA}</arg>
</arguments>
<msg timestamp="20200910 11:01:18.751" level="INFO">Verifying element 'id=io.qaninja.android.twp:id/toolbarTitle' contains exactly text 'FORMS'.</msg>
<status status="PASS" starttime="20200910 11:01:18.750" endtime="20200910 11:01:18.779"></status>
</kw>
<status status="PASS" starttime="20200910 11:01:17.677" endtime="20200910 11:01:18.779"></status>
</kw>
<kw name="Fechar aplicação" library="resource" type="teardown">
<kw name="Close Application" library="AppiumLibrary">
<doc>Closes the current application and also close webdriver session.</doc>
<status status="PASS" starttime="20200910 11:01:18.780" endtime="20200910 11:01:19.138"></status>
</kw>
<status status="PASS" starttime="20200910 11:01:18.780" endtime="20200910 11:01:19.139"></status>
</kw>
<status status="PASS" starttime="20200910 11:01:01.401" endtime="20200910 11:01:19.139" critical="yes"></status>
</test>
<status status="PASS" starttime="20200910 11:00:43.246" endtime="20200910 11:01:19.140"></status>
</suite>
<statistics>
<total>
<stat pass="2" fail="0">Critical Tests</stat>
<stat pass="2" fail="0">All Tests</stat>
</total>
<tag>
</tag>
<suite>
<stat pass="2" fail="0" id="s1" name="Nav">Nav</stat>
</suite>
</statistics>
<errors>
</errors>
</robot>
