<?xml version="1.0" encoding="UTF-8"?>
<robot generator="Robot 3.2.1 (Python 3.8.5 on win32)" generated="20200910 11:44:01.135" rpa="false">
<suite id="s1" name="Login" source="C:\qaninja\twp\app\backup\Tests\Login.robot">
<test id="s1-t1" name="Deve logar com sucesso">
<kw name="Abrir a aplicação" library="resource" type="setup">
<kw name="Set Appium Timeout" library="AppiumLibrary">
<doc>Sets the timeout in seconds used by various keywords.</doc>
<arguments>
<arg>5</arg>
</arguments>
<status status="PASS" starttime="20200910 11:44:01.402" endtime="20200910 11:44:01.403"></status>
</kw>
<kw name="Open Application" library="AppiumLibrary">
<doc>Opens a new application to given Appium server.
Capabilities of appium server, Android and iOS,
Please check https://github.com/appium/appium/blob/master/docs/en/writing-running-appium/server-args.md
| *Option*            | *Man.* | *Description*     |
| remote_url          | Yes    | Appium server url |
| alias               | no     | alias             |</doc>
<arguments>
<arg>http://localhost:4723/wd/hub</arg>
<arg>automationName=UiAutomator2</arg>
<arg>platformName=Android</arg>
<arg>deviceName=Emulator</arg>
<arg>app=C:\\qaninja\\twp\\app\\backup\\twp.apk</arg>
</arguments>
<status status="PASS" starttime="20200910 11:44:01.403" endtime="20200910 11:44:11.184"></status>
</kw>
<status status="PASS" starttime="20200910 11:44:01.402" endtime="20200910 11:44:11.184"></status>
</kw>
<kw name="Acessar o menu principal" library="resource">
<kw name="Wait Until Page Contains" library="AppiumLibrary">
<doc>Waits until `text` appears on current page.</doc>
<arguments>
<arg>COMEÇAR</arg>
</arguments>
<status status="PASS" starttime="20200910 11:44:11.185" endtime="20200910 11:44:15.474"></status>
</kw>
<kw name="Click Text" library="AppiumLibrary">
<doc>Click text identified by ``text``.</doc>
<arguments>
<arg>COMEÇAR</arg>
</arguments>
<status status="PASS" starttime="20200910 11:44:15.474" endtime="20200910 11:44:15.604"></status>
</kw>
<kw name="Wait Until Element Is Visible" library="AppiumLibrary">
<doc>Waits until element specified with `locator` is visible.</doc>
<arguments>
<arg>xpath=//android.widget.ImageButton[@content-desc="Open navigation drawer"]</arg>
</arguments>
<status status="PASS" starttime="20200910 11:44:15.604" endtime="20200910 11:44:16.815"></status>
</kw>
<status status="PASS" starttime="20200910 11:44:11.185" endtime="20200910 11:44:16.815"></status>
</kw>
<kw name="Acessar o Menu Lateral" library="resource">
<kw name="Click Element" library="AppiumLibrary">
<doc>Click element identified by `locator`.</doc>
<arguments>
<arg>xpath=//android.widget.ImageButton[@content-desc="Open navigation drawer"]</arg>
</arguments>
<msg timestamp="20200910 11:44:16.817" level="INFO">Clicking element 'xpath=//android.widget.ImageButton[@content-desc="Open navigation drawer"]'.</msg>
<status status="PASS" starttime="20200910 11:44:16.816" endtime="20200910 11:44:16.906"></status>
</kw>
<kw name="Wait Until Element Is Visible" library="AppiumLibrary">
<doc>Waits until element specified with `locator` is visible.</doc>
<arguments>
<arg>id=io.qaninja.android.twp:id/design_navigation_view</arg>
</arguments>
<status status="PASS" starttime="20200910 11:44:16.906" endtime="20200910 11:44:17.848"></status>
</kw>
<status status="PASS" starttime="20200910 11:44:16.816" endtime="20200910 11:44:17.849"></status>
</kw>
<kw name="Acessar a tela" library="resource">
<arguments>
<arg>FORMS</arg>
</arguments>
<kw name="Click Text" library="AppiumLibrary">
<doc>Click text identified by ``text``.</doc>
<arguments>
<arg>${NOME_TELA}</arg>
</arguments>
<status status="PASS" starttime="20200910 11:44:17.849" endtime="20200910 11:44:18.002"></status>
</kw>
<kw name="Wait Until Element Is Visible" library="AppiumLibrary">
<doc>Waits until element specified with `locator` is visible.</doc>
<arguments>
<arg>id=io.qaninja.android.twp:id/toolbarTitle</arg>
</arguments>
<status status="PASS" starttime="20200910 11:44:18.003" endtime="20200910 11:44:18.935"></status>
</kw>
<kw name="Element Text Should Be" library="AppiumLibrary">
<doc>Verifies element identified by ``locator`` exactly contains text ``expected``.</doc>
<arguments>
<arg>id=io.qaninja.android.twp:id/toolbarTitle</arg>
<arg>${NOME_TELA}</arg>
</arguments>
<msg timestamp="20200910 11:44:18.937" level="INFO">Verifying element 'id=io.qaninja.android.twp:id/toolbarTitle' contains exactly text 'FORMS'.</msg>
<status status="PASS" starttime="20200910 11:44:18.935" endtime="20200910 11:44:18.967"></status>
</kw>
<status status="PASS" starttime="20200910 11:44:17.849" endtime="20200910 11:44:18.967"></status>
</kw>
<kw name="Click Text" library="AppiumLibrary">
<doc>Click text identified by ``text``.</doc>
<arguments>
<arg>LOGIN</arg>
</arguments>
<status status="PASS" starttime="20200910 11:44:18.967" endtime="20200910 11:44:19.053"></status>
</kw>
<kw name="Wait Until Page Contains" library="AppiumLibrary">
<doc>Waits until `text` appears on current page.</doc>
<arguments>
<arg>Fala QA, vamos testar o login?</arg>
</arguments>
<status status="PASS" starttime="20200910 11:44:19.053" endtime="20200910 11:44:19.923"></status>
</kw>
<kw name="Input Text" library="AppiumLibrary">
<doc>Types the given `text` into text field identified by `locator`.</doc>
<arguments>
<arg>id=io.qaninja.android.twp:id/etEmail</arg>
<arg>eu@papito.io</arg>
</arguments>
<msg timestamp="20200910 11:44:19.925" level="INFO">Typing text 'eu@papito.io' into text field 'id=io.qaninja.android.twp:id/etEmail'</msg>
<status status="PASS" starttime="20200910 11:44:19.923" endtime="20200910 11:44:19.985"></status>
</kw>
<kw name="Input Text" library="AppiumLibrary">
<doc>Types the given `text` into text field identified by `locator`.</doc>
<arguments>
<arg>id=io.qaninja.android.twp:id/etPassword</arg>
<arg>qaninja</arg>
</arguments>
<msg timestamp="20200910 11:44:19.987" level="INFO">Typing text 'qaninja' into text field 'id=io.qaninja.android.twp:id/etPassword'</msg>
<status status="PASS" starttime="20200910 11:44:19.986" endtime="20200910 11:44:21.036"></status>
</kw>
<kw name="Click Element" library="AppiumLibrary">
<doc>Click element identified by `locator`.</doc>
<arguments>
<arg>id=io.qaninja.android.twp:id/btnSubmit</arg>
</arguments>
<msg timestamp="20200910 11:44:21.038" level="INFO">Clicking element 'id=io.qaninja.android.twp:id/btnSubmit'.</msg>
<status status="PASS" starttime="20200910 11:44:21.037" endtime="20200910 11:44:21.546"></status>
</kw>
<kw name="Wait Until Page Contains" library="AppiumLibrary">
<doc>Waits until `text` appears on current page.</doc>
<arguments>
<arg>Show! Suas credenciais são validas.</arg>
</arguments>
<status status="PASS" starttime="20200910 11:44:21.547" endtime="20200910 11:44:21.638"></status>
</kw>
<kw name="Fechar aplicação" library="resource" type="teardown">
<kw name="Close Application" library="AppiumLibrary">
<doc>Closes the current application and also close webdriver session.</doc>
<status status="PASS" starttime="20200910 11:44:21.639" endtime="20200910 11:44:21.991"></status>
</kw>
<status status="PASS" starttime="20200910 11:44:21.639" endtime="20200910 11:44:21.991"></status>
</kw>
<status status="PASS" starttime="20200910 11:44:01.402" endtime="20200910 11:44:21.992" critical="yes"></status>
</test>
<status status="PASS" starttime="20200910 11:44:01.137" endtime="20200910 11:44:21.993"></status>
</suite>
<statistics>
<total>
<stat pass="1" fail="0">Critical Tests</stat>
<stat pass="1" fail="0">All Tests</stat>
</total>
<tag>
</tag>
<suite>
<stat pass="1" fail="0" id="s1" name="Login">Login</stat>
</suite>
</statistics>
<errors>
</errors>
</robot>
